<?xml version="1.0" encoding="UTF-8"?>
<!-- Generated by org.testng.reporters.JUnitXMLReporter -->
<testsuite ignored="4" hostname="MSNA" failures="0" tests="2" name="Test" time="0.102" errors="0" timestamp="2024-11-27T13:16:04 IST">
  <testcase classname="com.pom.demowebshopapp.base.BaseTest" name="@BeforeSuite openBrowser" time="1.875">
    <failure type="org.openqa.selenium.SessionNotCreatedException" message="Could not start a new session. Response code 500. Message: session not created: This version of ChromeDriver only supports Chrome version 129
Current browser version is 131.0.6778.86 with binary path C:\Program Files\Google\Chrome\Application\chrome.exe 
Host info: host: &amp;apos;MSNA&amp;apos;, ip: &amp;apos;10.149.22.53&amp;apos;
Build info: version: &amp;apos;4.19.1&amp;apos;, revision: &amp;apos;abe0ee07dc&amp;apos;
System info: os.name: &amp;apos;Windows 11&amp;apos;, os.arch: &amp;apos;amd64&amp;apos;, os.version: &amp;apos;10.0&amp;apos;, java.version: &amp;apos;22.0.2&amp;apos;
Driver info: org.openqa.selenium.chrome.ChromeDriver
Command: [null, newSession {capabilities=[Capabilities {browserName: chrome, goog:chromeOptions: {args: [], extensions: []}}]}]">
      <![CDATA[org.openqa.selenium.SessionNotCreatedException: Could not start a new session. Response code 500. Message: session not created: This version of ChromeDriver only supports Chrome version 129
Current browser version is 131.0.6778.86 with binary path C:\Program Files\Google\Chrome\Application\chrome.exe 
Host info: host: 'MSNA', ip: '10.149.22.53'
Build info: version: '4.19.1', revision: 'abe0ee07dc'
System info: os.name: 'Windows 11', os.arch: 'amd64', os.version: '10.0', java.version: '22.0.2'
Driver info: org.openqa.selenium.chrome.ChromeDriver
Command: [null, newSession {capabilities=[Capabilities {browserName: chrome, goog:chromeOptions: {args: [], extensions: []}}]}]
at org.openqa.selenium.remote.ProtocolHandshake.createSession(ProtocolHandshake.java:114)
at org.openqa.selenium.remote.ProtocolHandshake.createSession(ProtocolHandshake.java:75)
at org.openqa.selenium.remote.ProtocolHandshake.createSession(ProtocolHandshake.java:61)
at org.openqa.selenium.remote.HttpCommandExecutor.execute(HttpCommandExecutor.java:162)
at org.openqa.selenium.remote.service.DriverCommandExecutor.invokeExecute(DriverCommandExecutor.java:216)
at org.openqa.selenium.remote.service.DriverCommandExecutor.execute(DriverCommandExecutor.java:174)
at org.openqa.selenium.remote.RemoteWebDriver.execute(RemoteWebDriver.java:518)
at org.openqa.selenium.remote.RemoteWebDriver.startSession(RemoteWebDriver.java:232)
at org.openqa.selenium.remote.RemoteWebDriver.<init>(RemoteWebDriver.java:161)
at org.openqa.selenium.chromium.ChromiumDriver.<init>(ChromiumDriver.java:114)
at org.openqa.selenium.chrome.ChromeDriver.<init>(ChromeDriver.java:89)
at org.openqa.selenium.chrome.ChromeDriver.<init>(ChromeDriver.java:84)
at org.openqa.selenium.chrome.ChromeDriver.<init>(ChromeDriver.java:52)
at com.pom.demowebshopapp.base.BaseTest.openBrowser(BaseTest.java:50)
... Removed 17 stack frames]]>
    </failure>
  </testcase> <!-- @BeforeSuite openBrowser -->
  <testcase classname="com.pom.demowebshopapp.base.BaseTest" name="@BeforeTest initReports" time="0.0">
    <skipped/>
  </testcase> <!-- @BeforeTest initReports -->
  <testcase classname="com.pom.demowebshopapp.base.BaseTest" name="@BeforeMethod beforeTCExecution" time="0.0">
    <skipped/>
  </testcase> <!-- @BeforeMethod beforeTCExecution -->
  <testcase classname="com.pom.demowebshopapp.base.BaseTest" name="@AfterMethod afterTCExecution" time="0.0">
    <skipped/>
  </testcase> <!-- @AfterMethod afterTCExecution -->
  <testcase classname="com.pom.demowebshopapp.base.BaseTest" name="@BeforeMethod beforeTCExecution" time="0.0">
    <skipped/>
  </testcase> <!-- @BeforeMethod beforeTCExecution -->
  <testcase classname="com.pom.demowebshopapp.base.BaseTest" name="@AfterMethod afterTCExecution" time="0.0">
    <skipped/>
  </testcase> <!-- @AfterMethod afterTCExecution -->
  <testcase classname="com.pom.demowebshopapp.base.BaseTest" name="@AfterTest closeReports" time="0.0">
    <skipped/>
  </testcase> <!-- @AfterTest closeReports -->
  <testcase classname="com.pom.demowebshopapp.testcases.LoginTest" name="testLoginHomePage" time="0.001">
    <skipped/>
  </testcase> <!-- testLoginHomePage -->
  <testcase classname="com.pom.demowebshopapp.testcases.HomeTest" name="testHomeDemoApp" time="0.0">
    <skipped/>
  </testcase> <!-- testHomeDemoApp -->
  <testcase classname="com.pom.demowebshopapp.base.BaseTest" name="@BeforeTest initReports" time="0.0">
    <ignored/>
  </testcase> <!-- @BeforeTest initReports -->
  <testcase classname="com.pom.demowebshopapp.base.BaseTest" name="@AfterTest closeReports" time="0.0">
    <ignored/>
  </testcase> <!-- @AfterTest closeReports -->
  <testcase classname="com.pom.demowebshopapp.base.BaseTest" name="@BeforeSuite openBrowser" time="0.0">
    <ignored/>
  </testcase> <!-- @BeforeSuite openBrowser -->
  <testcase classname="com.pom.demowebshopapp.base.BaseTest" name="@AfterSuite closeBrowser" time="0.0">
    <ignored/>
  </testcase> <!-- @AfterSuite closeBrowser -->
</testsuite> <!-- Test -->
